<?xml version="1.0" encoding="UTF-8"?>
<!-- Generated by org.testng.reporters.JUnitXMLReporter -->
<testsuite ignored="0" hostname="DESKTOP-78H3ES3" failures="0" tests="4" name="Default test" time="9.222" errors="0" timestamp="2023-12-05T21:23:05 EET">
  <testcase classname="tests.AddToCartTest" name="userCanSearchForProductsByAutoSuggestion" time="4.675"/>
  <testcase classname="tests.AddToCartTest" name="userCanAddProductToCartAndOpenCartPage" time="1.216"/>
  <testcase classname="tests.AddToCartTest" name="userCanUpdateQty" time="0.788"/>
  <testcase classname="tests.AddToCartTest" name="userRemoveProductsFromCart" time="2.523"/>
</testsuite> <!-- Default test -->
