<?xml version="1.0" encoding="UTF-8"?>
<testng-results ignored="0" total="4" passed="4" failed="0" skipped="0">
  <reporter-output>
  </reporter-output>
  <suite started-at="2023-12-05T21:22:56 EET" name="Default suite" finished-at="2023-12-05T21:23:05 EET" duration-ms="9222">
    <groups>
    </groups>
    <test started-at="2023-12-05T21:22:56 EET" name="Default test" finished-at="2023-12-05T21:23:05 EET" duration-ms="9222">
      <class name="tests.AddToCartTest">
        <test-method is-config="true" signature="startDriver(java.lang.String)[pri:0, instance:tests.AddToCartTest@663c9e7a]" started-at="2023-12-05T21:22:53 EET" name="startDriver" finished-at="2023-12-05T21:22:56 EET" duration-ms="2972" status="PASS">
          <params>
            <param index="0">
              <value>
                <![CDATA[chrome]]>
              </value>
            </param>
          </params>
          <reporter-output>
          </reporter-output>
        </test-method> <!-- startDriver -->
        <test-method signature="userCanSearchForProductsByAutoSuggestion()[pri:1, instance:tests.AddToCartTest@663c9e7a]" started-at="2023-12-05T21:22:56 EET" name="userCanSearchForProductsByAutoSuggestion" finished-at="2023-12-05T21:23:00 EET" duration-ms="4675" status="PASS">
          <reporter-output>
          </reporter-output>
        </test-method> <!-- userCanSearchForProductsByAutoSuggestion -->
        <test-method is-config="true" signature="screenshotOnFailure(org.testng.ITestResult)[pri:0, instance:tests.AddToCartTest@663c9e7a]" started-at="2023-12-05T21:23:00 EET" name="screenshotOnFailure" finished-at="2023-12-05T21:23:00 EET" duration-ms="0" status="PASS">
          <params>
            <param index="0">
              <value>
                <![CDATA[[TestResult name=userCanSearchForProductsByAutoSuggestion status=SUCCESS method=AddToCartTest.userCanSearchForProductsByAutoSuggestion()[pri:1, instance:tests.AddToCartTest@663c9e7a] output={null}]]]>
              </value>
            </param>
          </params>
          <reporter-output>
          </reporter-output>
        </test-method> <!-- screenshotOnFailure -->
        <test-method signature="userCanAddProductToCartAndOpenCartPage()[pri:2, instance:tests.AddToCartTest@663c9e7a]" started-at="2023-12-05T21:23:00 EET" name="userCanAddProductToCartAndOpenCartPage" finished-at="2023-12-05T21:23:01 EET" duration-ms="1216" status="PASS">
          <reporter-output>
          </reporter-output>
        </test-method> <!-- userCanAddProductToCartAndOpenCartPage -->
        <test-method signature="userCanUpdateQty()[pri:3, instance:tests.AddToCartTest@663c9e7a]" started-at="2023-12-05T21:23:01 EET" name="userCanUpdateQty" finished-at="2023-12-05T21:23:02 EET" duration-ms="788" status="PASS">
          <reporter-output>
          </reporter-output>
        </test-method> <!-- userCanUpdateQty -->
        <test-method is-config="true" signature="screenshotOnFailure(org.testng.ITestResult)[pri:0, instance:tests.AddToCartTest@663c9e7a]" started-at="2023-12-05T21:23:01 EET" name="screenshotOnFailure" finished-at="2023-12-05T21:23:01 EET" duration-ms="0" status="PASS">
          <params>
            <param index="0">
              <value>
                <![CDATA[[TestResult name=userCanAddProductToCartAndOpenCartPage status=SUCCESS method=AddToCartTest.userCanAddProductToCartAndOpenCartPage()[pri:2, instance:tests.AddToCartTest@663c9e7a] output={null}]]]>
              </value>
            </param>
          </params>
          <reporter-output>
          </reporter-output>
        </test-method> <!-- screenshotOnFailure -->
        <test-method signature="userRemoveProductsFromCart()[pri:4, instance:tests.AddToCartTest@663c9e7a]" started-at="2023-12-05T21:23:02 EET" name="userRemoveProductsFromCart" finished-at="2023-12-05T21:23:05 EET" duration-ms="2523" status="PASS">
          <reporter-output>
          </reporter-output>
        </test-method> <!-- userRemoveProductsFromCart -->
        <test-method is-config="true" signature="screenshotOnFailure(org.testng.ITestResult)[pri:0, instance:tests.AddToCartTest@663c9e7a]" started-at="2023-12-05T21:23:02 EET" name="screenshotOnFailure" finished-at="2023-12-05T21:23:02 EET" duration-ms="0" status="PASS">
          <params>
            <param index="0">
              <value>
                <![CDATA[[TestResult name=userCanUpdateQty status=SUCCESS method=AddToCartTest.userCanUpdateQty()[pri:3, instance:tests.AddToCartTest@663c9e7a] output={null}]]]>
              </value>
            </param>
          </params>
          <reporter-output>
          </reporter-output>
        </test-method> <!-- screenshotOnFailure -->
        <test-method is-config="true" signature="screenshotOnFailure(org.testng.ITestResult)[pri:0, instance:tests.AddToCartTest@663c9e7a]" started-at="2023-12-05T21:23:05 EET" name="screenshotOnFailure" finished-at="2023-12-05T21:23:05 EET" duration-ms="0" status="PASS">
          <params>
            <param index="0">
              <value>
                <![CDATA[[TestResult name=userRemoveProductsFromCart status=SUCCESS method=AddToCartTest.userRemoveProductsFromCart()[pri:4, instance:tests.AddToCartTest@663c9e7a] output={null}]]]>
              </value>
            </param>
          </params>
          <reporter-output>
          </reporter-output>
        </test-method> <!-- screenshotOnFailure -->
        <test-method is-config="true" signature="stopDriver()[pri:0, instance:tests.AddToCartTest@663c9e7a]" started-at="2023-12-05T21:23:05 EET" name="stopDriver" finished-at="2023-12-05T21:23:05 EET" duration-ms="134" status="PASS">
          <reporter-output>
          </reporter-output>
        </test-method> <!-- stopDriver -->
      </class> <!-- tests.AddToCartTest -->
    </test> <!-- Default test -->
  </suite> <!-- Default suite -->
</testng-results>
