<?xml version="1.0" encoding="UTF-8"?>
<!-- Generated by org.testng.reporters.JUnitXMLReporter -->
<testsuite ignored="2" hostname="RadwaH-HR" failures="0" tests="3" name="Regression Test" time="6.159" errors="0" timestamp="2023-11-12T20:46:56 EET">
  <testcase classname="tests.PharmacyRegistrationTest" name="userCanRegisrerSuccessfully" time="4.111"/>
  <testcase classname="tests.PharmacyRegistrationTest" name="UserCanOpenLoginPage" time="0.774"/>
  <testcase classname="tests.LoginTest" name="registeredUserCanLoginSuccessfully" time="1.211"/>
  <testcase classname="tests.TestBase" name="@AfterSuite stopDriver" time="0.0">
    <ignored/>
  </testcase> <!-- @AfterSuite stopDriver -->
  <testcase classname="tests.TestBase" name="@BeforeSuite startDriver" time="0.0">
    <ignored/>
  </testcase> <!-- @BeforeSuite startDriver -->
</testsuite> <!-- Regression Test -->
